<?xml version="1.0" encoding="UTF-8"?>
<!-- Generated by org.testng.reporters.JUnitReportReporter -->
<testsuite hostname="LAPTOP-3OOOK5AL" failures="0" tests="1" name="scripting.Test1" time="0.001" errors="0" timestamp="2022-12-20T19:29:22 IST" skipped="0">
  <testcase classname="scripting.Test1" name="tc1" time="0.001"/>
  <system-out>
    <![CDATA[aadvik]]>
  </system-out>
</testsuite> <!-- scripting.Test1 -->
